<?xml version="1.0" encoding="UTF-8"?>
<testng-results ignored="0" total="1" passed="1" failed="0" skipped="0">
  <reporter-output>
  </reporter-output>
  <suite started-at="2023-01-23T19:07:31 IST" name="Default suite" finished-at="2023-01-23T19:07:37 IST" duration-ms="5615">
    <groups>
    </groups>
    <test started-at="2023-01-23T19:07:31 IST" name="Default test" finished-at="2023-01-23T19:07:37 IST" duration-ms="5615">
      <class name="classfiles.ABSLI_Nominee_J2">
        <test-method signature="Login()[pri:0, instance:classfiles.ABSLI_Nominee_J2@909217e]" started-at="2023-01-23T19:07:31 IST" name="Login" finished-at="2023-01-23T19:07:37 IST" duration-ms="5576" status="PASS">
          <reporter-output>
          </reporter-output>
        </test-method> <!-- Login -->
      </class> <!-- classfiles.ABSLI_Nominee_J2 -->
    </test> <!-- Default test -->
  </suite> <!-- Default suite -->
</testng-results>
